# JRE version: OpenJDK Runtime Environment Zulu11.45+27-CA (11.0.10+9) (build 11.0.10+9-LTS)
# Java VM: OpenJDK 64-Bit Server VM Zulu11.45+27-CA (11.0.10+9-LTS, mixed mode, tiered, compressed oops, parallel gc, windows-amd64)
Heap:
 PSYoungGen      total 8052224K, used 968570K [0x0000000599980000, 0x00000007f7980000, 0x0000000800000000)
  eden space 7488512K, 9% used [0x0000000599980000,0x00000005c36736f0,0x0000000762a80000)
  from space 563712K, 50% used [0x0000000762a80000,0x0000000773f6b2a0,0x0000000785100000)
  to   space 1220096K, 0% used [0x00000007ad200000,0x00000007ad200000,0x00000007f7980000)
 ParOldGen       total 7743488K, used 6294373K [0x00000000ccc00000, 0x00000002a5600000, 0x0000000599980000)
  object space 7743488K, 81% used [0x00000000ccc00000,0x000000024ced96e0,0x00000002a5600000)
 Metaspace       used 116015K, capacity 126608K, committed 126704K, reserved 1161216K
  class space    used 12273K, capacity 14944K, committed 14976K, reserved 1048576K
GC Heap History (20 events):
Event: 1213.345 GC heap before
{Heap before GC invocations=159 (full 19):
 PSYoungGen      total 8932864K, used 8271936K [0x0000000599980000, 0x00000007f5a00000, 0x0000000800000000)
  eden space 8012288K, 100% used [0x0000000599980000,0x0000000782a00000,0x0000000782a00000)
  from space 920576K, 28% used [0x00000007bd700000,0x00000007cd490010,0x00000007f5a00000)
  to   space 942080K, 0% used [0x0000000782a00000,0x0000000782a00000,0x00000007bc200000)
 ParOldGen       total 6294528K, used 5332219K [0x00000000ccc00000, 0x000000024cf00000, 0x0000000599980000)
  object space 6294528K, 84% used [0x00000000ccc00000,0x000000021233ec60,0x000000024cf00000)
 Metaspace       used 115994K, capacity 126608K, committed 126704K, reserved 1161216K
  class space    used 12273K, capacity 14944K, committed 14976K, reserved 1048576K
}
Event: 1213.533 GC heap after
{Heap after GC invocations=159 (full 19):
 PSYoungGen      total 8954368K, used 392672K [0x0000000599980000, 0x00000007fdc00000, 0x0000000800000000)
  eden space 8012288K, 0% used [0x0000000599980000,0x0000000599980000,0x0000000782a00000)
  from space 942080K, 41% used [0x0000000782a00000,0x000000079a978010,0x00000007bc200000)
  to   space 912896K, 0% used [0x00000007c6080000,0x00000007c6080000,0x00000007fdc00000)
 ParOldGen       total 6294528K, used 5332219K [0x00000000ccc00000, 0x000000024cf00000, 0x0000000599980000)
  object space 6294528K, 84% used [0x00000000ccc00000,0x000000021233ec60,0x000000024cf00000)
 Metaspace       used 115994K, capacity 126608K, committed 126704K, reserved 1161216K
  class space    used 12273K, capacity 14944K, committed 14976K, reserved 1048576K
}
Event: 1220.549 GC heap before
{Heap before GC invocations=160 (full 19):
 PSYoungGen      total 8954368K, used 8404960K [0x0000000599980000, 0x00000007fdc00000, 0x0000000800000000)
  eden space 8012288K, 100% used [0x0000000599980000,0x0000000782a00000,0x0000000782a00000)
  from space 942080K, 41% used [0x0000000782a00000,0x000000079a978010,0x00000007bc200000)
  to   space 912896K, 0% used [0x00000007c6080000,0x00000007c6080000,0x00000007fdc00000)
 ParOldGen       total 6294528K, used 5332219K [0x00000000ccc00000, 0x000000024cf00000, 0x0000000599980000)
  object space 6294528K, 84% used [0x00000000ccc00000,0x000000021233ec60,0x000000024cf00000)
 Metaspace       used 115994K, capacity 126608K, committed 126704K, reserved 1161216K
  class space    used 12273K, capacity 14944K, committed 14976K, reserved 1048576K
}
Event: 1220.763 GC heap after
{Heap after GC invocations=160 (full 19):
 PSYoungGen      total 9104896K, used 501408K [0x0000000599980000, 0x00000007ffa80000, 0x0000000800000000)
  eden space 8192000K, 0% used [0x0000000599980000,0x0000000599980000,0x000000078d980000)
  from space 912896K, 54% used [0x00000007c6080000,0x00000007e4a28010,0x00000007fdc00000)
  to   space 924672K, 0% used [0x000000078d980000,0x000000078d980000,0x00000007c6080000)
 ParOldGen       total 6294528K, used 5332219K [0x00000000ccc00000, 0x000000024cf00000, 0x0000000599980000)
  object space 6294528K, 84% used [0x00000000ccc00000,0x000000021233ec60,0x000000024cf00000)
 Metaspace       used 115994K, capacity 126608K, committed 126704K, reserved 1161216K
  class space    used 12273K, capacity 14944K, committed 14976K, reserved 1048576K
}
Event: 1227.093 GC heap before
{Heap before GC invocations=161 (full 19):
 PSYoungGen      total 9104896K, used 8693408K [0x0000000599980000, 0x00000007ffa80000, 0x0000000800000000)
  eden space 8192000K, 100% used [0x0000000599980000,0x000000078d980000,0x000000078d980000)
  from space 912896K, 54% used [0x00000007c6080000,0x00000007e4a28010,0x00000007fdc00000)
  to   space 924672K, 0% used [0x000000078d980000,0x000000078d980000,0x00000007c6080000)
 ParOldGen       total 6294528K, used 5332219K [0x00000000ccc00000, 0x000000024cf00000, 0x0000000599980000)
  object space 6294528K, 84% used [0x00000000ccc00000,0x000000021233ec60,0x000000024cf00000)
 Metaspace       used 115994K, capacity 126608K, committed 126704K, reserved 1161216K
  class space    used 12273K, capacity 14944K, committed 14976K, reserved 1048576K
}
Event: 1227.310 GC heap after
{Heap after GC invocations=161 (full 19):
 PSYoungGen      total 8813568K, used 621312K [0x0000000599980000, 0x0000000800000000, 0x0000000800000000)
  eden space 8192000K, 0% used [0x0000000599980000,0x0000000599980000,0x000000078d980000)
  from space 621568K, 99% used [0x000000078d980000,0x00000007b3840020,0x00000007b3880000)
  to   space 974336K, 0% used [0x00000007c4880000,0x00000007c4880000,0x0000000800000000)
 ParOldGen       total 6294528K, used 5332219K [0x00000000ccc00000, 0x000000024cf00000, 0x0000000599980000)
  object space 6294528K, 84% used [0x00000000ccc00000,0x000000021233ec60,0x000000024cf00000)
 Metaspace       used 115994K, capacity 126608K, committed 126704K, reserved 1161216K
  class space    used 12273K, capacity 14944K, committed 14976K, reserved 1048576K
}
Event: 1233.187 GC heap before
{Heap before GC invocations=162 (full 19):
 PSYoungGen      total 8813568K, used 8813312K [0x0000000599980000, 0x0000000800000000, 0x0000000800000000)
  eden space 8192000K, 100% used [0x0000000599980000,0x000000078d980000,0x000000078d980000)
  from space 621568K, 99% used [0x000000078d980000,0x00000007b3840020,0x00000007b3880000)
  to   space 974336K, 0% used [0x00000007c4880000,0x00000007c4880000,0x0000000800000000)
 ParOldGen       total 6294528K, used 5332219K [0x00000000ccc00000, 0x000000024cf00000, 0x0000000599980000)
  object space 6294528K, 84% used [0x00000000ccc00000,0x000000021233ec60,0x000000024cf00000)
 Metaspace       used 115994K, capacity 126608K, committed 126704K, reserved 1161216K
  class space    used 12273K, capacity 14944K, committed 14976K, reserved 1048576K
}
Event: 1233.489 GC heap after
{Heap after GC invocations=162 (full 19):
 PSYoungGen      total 8927232K, used 745248K [0x0000000599980000, 0x0000000800000000, 0x0000000800000000)
  eden space 7952896K, 0% used [0x0000000599980000,0x0000000599980000,0x000000077f000000)
  from space 974336K, 76% used [0x00000007c4880000,0x00000007f2048020,0x0000000800000000)
  to   space 1056768K, 0% used [0x000000077f000000,0x000000077f000000,0x00000007bf800000)
 ParOldGen       total 6294528K, used 5332219K [0x00000000ccc00000, 0x000000024cf00000, 0x0000000599980000)
  object space 6294528K, 84% used [0x00000000ccc00000,0x000000021233ec60,0x000000024cf00000)
 Metaspace       used 115994K, capacity 126608K, committed 126704K, reserved 1161216K
  class space    used 12273K, capacity 14944K, committed 14976K, reserved 1048576K
}
Event: 1239.185 GC heap before
{Heap before GC invocations=163 (full 19):
 PSYoungGen      total 8927232K, used 8698144K [0x0000000599980000, 0x0000000800000000, 0x0000000800000000)
  eden space 7952896K, 100% used [0x0000000599980000,0x000000077f000000,0x000000077f000000)
  from space 974336K, 76% used [0x00000007c4880000,0x00000007f2048020,0x0000000800000000)
  to   space 1056768K, 0% used [0x000000077f000000,0x000000077f000000,0x00000007bf800000)
 ParOldGen       total 6294528K, used 5332219K [0x00000000ccc00000, 0x000000024cf00000, 0x0000000599980000)
  object space 6294528K, 84% used [0x00000000ccc00000,0x000000021233ec60,0x000000024cf00000)
 Metaspace       used 115994K, capacity 126608K, committed 126704K, reserved 1161216K
  class space    used 12273K, capacity 14944K, committed 14976K, reserved 1048576K
}
Event: 1239.501 GC heap after
{Heap after GC invocations=163 (full 19):
 PSYoungGen      total 8817664K, used 864400K [0x0000000599980000, 0x0000000800000000, 0x0000000800000000)
  eden space 7952896K, 0% used [0x0000000599980000,0x0000000599980000,0x000000077f000000)
  from space 864768K, 99% used [0x000000077f000000,0x00000007b3c24140,0x00000007b3c80000)
  to   space 1164288K, 0% used [0x00000007b8f00000,0x00000007b8f00000,0x0000000800000000)
 ParOldGen       total 6294528K, used 5332219K [0x00000000ccc00000, 0x000000024cf00000, 0x0000000599980000)
  object space 6294528K, 84% used [0x00000000ccc00000,0x000000021233ec60,0x000000024cf00000)
 Metaspace       used 115994K, capacity 126608K, committed 126704K, reserved 1161216K
  class space    used 12273K, capacity 14944K, committed 14976K, reserved 1048576K
}
Event: 1245.297 GC heap before
{Heap before GC invocations=164 (full 19):
 PSYoungGen      total 8817664K, used 8817296K [0x0000000599980000, 0x0000000800000000, 0x0000000800000000)
  eden space 7952896K, 100% used [0x0000000599980000,0x000000077f000000,0x000000077f000000)
  from space 864768K, 99% used [0x000000077f000000,0x00000007b3c24140,0x00000007b3c80000)
  to   space 1164288K, 0% used [0x00000007b8f00000,0x00000007b8f00000,0x0000000800000000)
 ParOldGen       total 6294528K, used 5332219K [0x00000000ccc00000, 0x000000024cf00000, 0x0000000599980000)
  object space 6294528K, 84% used [0x00000000ccc00000,0x000000021233ec60,0x000000024cf00000)
 Metaspace       used 116015K, capacity 126608K, committed 126704K, reserved 1161216K
  class space    used 12273K, capacity 14944K, committed 14976K, reserved 1048576K
}
Event: 1245.677 GC heap after
{Heap after GC invocations=164 (full 19):
 PSYoungGen      total 8752640K, used 838080K [0x0000000599980000, 0x0000000800000000, 0x0000000800000000)
  eden space 7588352K, 0% used [0x0000000599980000,0x0000000599980000,0x0000000768c00000)
  from space 1164288K, 71% used [0x00000007b8f00000,0x00000007ec170010,0x0000000800000000)
  to   space 1239040K, 0% used [0x0000000768c00000,0x0000000768c00000,0x00000007b4600000)
 ParOldGen       total 6294528K, used 5464061K [0x00000000ccc00000, 0x000000024cf00000, 0x0000000599980000)
  object space 6294528K, 86% used [0x00000000ccc00000,0x000000021a3ff558,0x000000024cf00000)
 Metaspace       used 116015K, capacity 126608K, committed 126704K, reserved 1161216K
  class space    used 12273K, capacity 14944K, committed 14976K, reserved 1048576K
}
Event: 1250.963 GC heap before
{Heap before GC invocations=165 (full 19):
 PSYoungGen      total 8752640K, used 8426432K [0x0000000599980000, 0x0000000800000000, 0x0000000800000000)
  eden space 7588352K, 100% used [0x0000000599980000,0x0000000768c00000,0x0000000768c00000)
  from space 1164288K, 71% used [0x00000007b8f00000,0x00000007ec170010,0x0000000800000000)
  to   space 1239040K, 0% used [0x0000000768c00000,0x0000000768c00000,0x00000007b4600000)
 ParOldGen       total 6294528K, used 5464061K [0x00000000ccc00000, 0x000000024cf00000, 0x0000000599980000)
  object space 6294528K, 86% used [0x00000000ccc00000,0x000000021a3ff558,0x000000024cf00000)
 Metaspace       used 116015K, capacity 126608K, committed 126704K, reserved 1161216K
  class space    used 12273K, capacity 14944K, committed 14976K, reserved 1048576K
}
Event: 1251.340 GC heap after
{Heap after GC invocations=165 (full 19):
 PSYoungGen      total 8422400K, used 833888K [0x0000000599980000, 0x0000000800000000, 0x0000000800000000)
  eden space 7588352K, 0% used [0x0000000599980000,0x0000000599980000,0x0000000768c00000)
  from space 834048K, 99% used [0x0000000768c00000,0x000000079ba58010,0x000000079ba80000)
  to   space 1293824K, 0% used [0x00000007b1080000,0x00000007b1080000,0x0000000800000000)
 ParOldGen       total 6294528K, used 5583093K [0x00000000ccc00000, 0x000000024cf00000, 0x0000000599980000)
  object space 6294528K, 88% used [0x00000000ccc00000,0x000000022183d5b8,0x000000024cf00000)
 Metaspace       used 116015K, capacity 126608K, committed 126704K, reserved 1161216K
  class space    used 12273K, capacity 14944K, committed 14976K, reserved 1048576K
}
Event: 1257.740 GC heap before
{Heap before GC invocations=166 (full 19):
 PSYoungGen      total 8422400K, used 8422240K [0x0000000599980000, 0x0000000800000000, 0x0000000800000000)
  eden space 7588352K, 100% used [0x0000000599980000,0x0000000768c00000,0x0000000768c00000)
  from space 834048K, 99% used [0x0000000768c00000,0x000000079ba58010,0x000000079ba80000)
  to   space 1293824K, 0% used [0x00000007b1080000,0x00000007b1080000,0x0000000800000000)
 ParOldGen       total 6294528K, used 5583093K [0x00000000ccc00000, 0x000000024cf00000, 0x0000000599980000)
  object space 6294528K, 88% used [0x00000000ccc00000,0x000000022183d5b8,0x000000024cf00000)
 Metaspace       used 116015K, capacity 126608K, committed 126704K, reserved 1161216K
  class space    used 12273K, capacity 14944K, committed 14976K, reserved 1048576K
}
Event: 1258.176 GC heap after
{Heap after GC invocations=166 (full 19):
 PSYoungGen      total 8782336K, used 700320K [0x0000000599980000, 0x0000000800000000, 0x0000000800000000)
  eden space 7488512K, 0% used [0x0000000599980000,0x0000000599980000,0x0000000762a80000)
  from space 1293824K, 54% used [0x00000007b1080000,0x00000007dbc68010,0x0000000800000000)
  to   space 1284096K, 0% used [0x0000000762a80000,0x0000000762a80000,0x00000007b1080000)
 ParOldGen       total 6294528K, used 5824377K [0x00000000ccc00000, 0x000000024cf00000, 0x0000000599980000)
  object space 6294528K, 92% used [0x00000000ccc00000,0x00000002303de6c8,0x000000024cf00000)
 Metaspace       used 116015K, capacity 126608K, committed 126704K, reserved 1161216K
  class space    used 12273K, capacity 14944K, committed 14976K, reserved 1048576K
}
Event: 1264.268 GC heap before
{Heap before GC invocations=167 (full 19):
 PSYoungGen      total 8782336K, used 8188832K [0x0000000599980000, 0x0000000800000000, 0x0000000800000000)
  eden space 7488512K, 100% used [0x0000000599980000,0x0000000762a80000,0x0000000762a80000)
  from space 1293824K, 54% used [0x00000007b1080000,0x00000007dbc68010,0x0000000800000000)
  to   space 1284096K, 0% used [0x0000000762a80000,0x0000000762a80000,0x00000007b1080000)
 ParOldGen       total 6294528K, used 5824377K [0x00000000ccc00000, 0x000000024cf00000, 0x0000000599980000)
  object space 6294528K, 92% used [0x00000000ccc00000,0x00000002303de6c8,0x000000024cf00000)
 Metaspace       used 116015K, capacity 126608K, committed 126704K, reserved 1161216K
  class space    used 12273K, capacity 14944K, committed 14976K, reserved 1048576K
}
Event: 1264.664 GC heap after
{Heap after GC invocations=167 (full 19):
 PSYoungGen      total 8052224K, used 563296K [0x0000000599980000, 0x00000007f7980000, 0x0000000800000000)
  eden space 7488512K, 0% used [0x0000000599980000,0x0000000599980000,0x0000000762a80000)
  from space 563712K, 99% used [0x0000000762a80000,0x0000000785098120,0x0000000785100000)
  to   space 1220096K, 0% used [0x00000007ad200000,0x00000007ad200000,0x00000007f7980000)
 ParOldGen       total 6294528K, used 6068334K [0x00000000ccc00000, 0x000000024cf00000, 0x0000000599980000)
  object space 6294528K, 96% used [0x00000000ccc00000,0x000000023f21b878,0x000000024cf00000)
 Metaspace       used 116015K, capacity 126608K, committed 126704K, reserved 1161216K
  class space    used 12273K, capacity 14944K, committed 14976K, reserved 1048576K
}
Event: 1264.664 GC heap before
{Heap before GC invocations=168 (full 20):
 PSYoungGen      total 8052224K, used 563296K [0x0000000599980000, 0x00000007f7980000, 0x0000000800000000)
  eden space 7488512K, 0% used [0x0000000599980000,0x0000000599980000,0x0000000762a80000)
  from space 563712K, 99% used [0x0000000762a80000,0x0000000785098120,0x0000000785100000)
  to   space 1220096K, 0% used [0x00000007ad200000,0x00000007ad200000,0x00000007f7980000)
 ParOldGen       total 6294528K, used 6068334K [0x00000000ccc00000, 0x000000024cf00000, 0x0000000599980000)
  object space 6294528K, 96% used [0x00000000ccc00000,0x000000023f21b878,0x000000024cf00000)
 Metaspace       used 116015K, capacity 126608K, committed 126704K, reserved 1161216K
  class space    used 12273K, capacity 14944K, committed 14976K, reserved 1048576K
}
Event: 1275.281 GC heap after
{Heap after GC invocations=168 (full 20):
 PSYoungGen      total 8052224K, used 283564K [0x0000000599980000, 0x00000007f7980000, 0x0000000800000000)
  eden space 7488512K, 0% used [0x0000000599980000,0x0000000599980000,0x0000000762a80000)
  from space 563712K, 50% used [0x0000000762a80000,0x0000000773f6b2a0,0x0000000785100000)
  to   space 1220096K, 0% used [0x00000007ad200000,0x00000007ad200000,0x00000007f7980000)
 ParOldGen       total 7743488K, used 6294373K [0x00000000ccc00000, 0x00000002a5600000, 0x0000000599980000)
  object space 7743488K, 81% used [0x00000000ccc00000,0x000000024ced96e0,0x00000002a5600000)
 Metaspace       used 116015K, capacity 126608K, committed 126704K, reserved 1161216K
  class space    used 12273K, capacity 14944K, committed 14976K, reserved 1048576K
}

