# JRE version: OpenJDK Runtime Environment Zulu11.45+27-CA (11.0.10+9) (build 11.0.10+9-LTS)
# Java VM: OpenJDK 64-Bit Server VM Zulu11.45+27-CA (11.0.10+9-LTS, mixed mode, tiered, compressed oops, parallel gc, windows-amd64)
Heap:
 PSYoungGen      total 6977024K, used 2734882K [0x0000000599980000, 0x0000000795900000, 0x0000000800000000)
  eden space 6023168K, 29% used [0x0000000599980000,0x0000000606cd5cc8,0x0000000709380000)
  from space 953856K, 99% used [0x000000074ca00000,0x0000000786572c28,0x0000000786d80000)
  to   space 1104384K, 0% used [0x0000000709380000,0x0000000709380000,0x000000074ca00000)
 ParOldGen       total 2959360K, used 1922549K [0x00000000ccc00000, 0x0000000181600000, 0x0000000599980000)
  object space 2959360K, 64% used [0x00000000ccc00000,0x000000014217d598,0x0000000181600000)
 Metaspace       used 90030K, capacity 93811K, committed 93992K, reserved 1132544K
  class space    used 9415K, capacity 10329K, committed 10368K, reserved 1048576K
GC Heap History (20 events):
Event: 97.447 GC heap before
{Heap before GC invocations=22 (full 6):
 PSYoungGen      total 3655168K, used 2958336K [0x0000000599980000, 0x00000006b2f80000, 0x0000000800000000)
  eden space 2958336K, 100% used [0x0000000599980000,0x000000064e280000,0x000000064e280000)
  from space 696832K, 0% used [0x0000000688700000,0x0000000688700000,0x00000006b2f80000)
  to   space 825856K, 0% used [0x000000064e280000,0x000000064e280000,0x0000000680900000)
 ParOldGen       total 2310144K, used 1540642K [0x00000000ccc00000, 0x0000000159c00000, 0x0000000599980000)
  object space 2310144K, 66% used [0x00000000ccc00000,0x000000012ac889d0,0x0000000159c00000)
 Metaspace       used 56644K, capacity 57646K, committed 57896K, reserved 1101824K
  class space    used 5264K, capacity 5675K, committed 5760K, reserved 1048576K
}
Event: 97.737 GC heap after
{Heap after GC invocations=22 (full 6):
 PSYoungGen      total 3784192K, used 160968K [0x0000000599980000, 0x00000006e2580000, 0x0000000800000000)
  eden space 2958336K, 0% used [0x0000000599980000,0x0000000599980000,0x000000064e280000)
  from space 825856K, 19% used [0x000000064e280000,0x0000000657fb22c8,0x0000000680900000)
  to   space 785408K, 0% used [0x00000006b2680000,0x00000006b2680000,0x00000006e2580000)
 ParOldGen       total 2310144K, used 1540642K [0x00000000ccc00000, 0x0000000159c00000, 0x0000000599980000)
  object space 2310144K, 66% used [0x00000000ccc00000,0x000000012ac889d0,0x0000000159c00000)
 Metaspace       used 56644K, capacity 57646K, committed 57896K, reserved 1101824K
  class space    used 5264K, capacity 5675K, committed 5760K, reserved 1048576K
}
Event: 102.385 GC heap before
{Heap before GC invocations=23 (full 6):
 PSYoungGen      total 3784192K, used 3119304K [0x0000000599980000, 0x00000006e2580000, 0x0000000800000000)
  eden space 2958336K, 100% used [0x0000000599980000,0x000000064e280000,0x000000064e280000)
  from space 825856K, 19% used [0x000000064e280000,0x0000000657fb22c8,0x0000000680900000)
  to   space 785408K, 0% used [0x00000006b2680000,0x00000006b2680000,0x00000006e2580000)
 ParOldGen       total 2310144K, used 1540642K [0x00000000ccc00000, 0x0000000159c00000, 0x0000000599980000)
  object space 2310144K, 66% used [0x00000000ccc00000,0x000000012ac889d0,0x0000000159c00000)
 Metaspace       used 56644K, capacity 57646K, committed 57896K, reserved 1101824K
  class space    used 5264K, capacity 5675K, committed 5760K, reserved 1048576K
}
Event: 103.130 GC heap after
{Heap after GC invocations=23 (full 6):
 PSYoungGen      total 4364288K, used 785398K [0x0000000599980000, 0x0000000700080000, 0x0000000800000000)
  eden space 3578880K, 0% used [0x0000000599980000,0x0000000599980000,0x0000000674080000)
  from space 785408K, 99% used [0x00000006b2680000,0x00000006e257dbb0,0x00000006e2580000)
  to   space 1021952K, 0% used [0x0000000674080000,0x0000000674080000,0x00000006b2680000)
 ParOldGen       total 2310144K, used 1787713K [0x00000000ccc00000, 0x0000000159c00000, 0x0000000599980000)
  object space 2310144K, 77% used [0x00000000ccc00000,0x0000000139dd0788,0x0000000159c00000)
 Metaspace       used 56644K, capacity 57646K, committed 57896K, reserved 1101824K
  class space    used 5264K, capacity 5675K, committed 5760K, reserved 1048576K
}
Event: 111.871 GC heap before
{Heap before GC invocations=24 (full 6):
 PSYoungGen      total 4364288K, used 4364278K [0x0000000599980000, 0x0000000700080000, 0x0000000800000000)
  eden space 3578880K, 100% used [0x0000000599980000,0x0000000674080000,0x0000000674080000)
  from space 785408K, 99% used [0x00000006b2680000,0x00000006e257dbb0,0x00000006e2580000)
  to   space 1021952K, 0% used [0x0000000674080000,0x0000000674080000,0x00000006b2680000)
 ParOldGen       total 2310144K, used 1787713K [0x00000000ccc00000, 0x0000000159c00000, 0x0000000599980000)
  object space 2310144K, 77% used [0x00000000ccc00000,0x0000000139dd0788,0x0000000159c00000)
 Metaspace       used 56654K, capacity 57710K, committed 57896K, reserved 1101824K
  class space    used 5264K, capacity 5675K, committed 5760K, reserved 1048576K
}
Event: 113.190 GC heap after
{Heap after GC invocations=24 (full 6):
 PSYoungGen      total 4600832K, used 843363K [0x0000000599980000, 0x000000072ab00000, 0x0000000800000000)
  eden space 3578880K, 0% used [0x0000000599980000,0x0000000599980000,0x0000000674080000)
  from space 1021952K, 82% used [0x0000000674080000,0x00000006a7818e90,0x00000006b2680000)
  to   space 1143808K, 0% used [0x00000006e4e00000,0x00000006e4e00000,0x000000072ab00000)
 ParOldGen       total 2498560K, used 2497987K [0x00000000ccc00000, 0x0000000165400000, 0x0000000599980000)
  object space 2498560K, 99% used [0x00000000ccc00000,0x0000000165370c78,0x0000000165400000)
 Metaspace       used 56654K, capacity 57710K, committed 57896K, reserved 1101824K
  class space    used 5264K, capacity 5675K, committed 5760K, reserved 1048576K
}
Event: 113.190 GC heap before
{Heap before GC invocations=25 (full 7):
 PSYoungGen      total 4600832K, used 843363K [0x0000000599980000, 0x000000072ab00000, 0x0000000800000000)
  eden space 3578880K, 0% used [0x0000000599980000,0x0000000599980000,0x0000000674080000)
  from space 1021952K, 82% used [0x0000000674080000,0x00000006a7818e90,0x00000006b2680000)
  to   space 1143808K, 0% used [0x00000006e4e00000,0x00000006e4e00000,0x000000072ab00000)
 ParOldGen       total 2498560K, used 2497987K [0x00000000ccc00000, 0x0000000165400000, 0x0000000599980000)
  object space 2498560K, 99% used [0x00000000ccc00000,0x0000000165370c78,0x0000000165400000)
 Metaspace       used 56654K, capacity 57710K, committed 57896K, reserved 1101824K
  class space    used 5264K, capacity 5675K, committed 5760K, reserved 1048576K
}
Event: 116.179 GC heap after
{Heap after GC invocations=25 (full 7):
 PSYoungGen      total 5427712K, used 0K [0x0000000599980000, 0x000000072ec00000, 0x0000000800000000)
  eden space 4283904K, 0% used [0x0000000599980000,0x0000000599980000,0x000000069f100000)
  from space 1143808K, 0% used [0x00000006e4e00000,0x00000006e4e00000,0x000000072ab00000)
  to   space 1143808K, 0% used [0x000000069f100000,0x000000069f100000,0x00000006e4e00000)
 ParOldGen       total 2959360K, used 1922348K [0x00000000ccc00000, 0x0000000181600000, 0x0000000599980000)
  object space 2959360K, 64% used [0x00000000ccc00000,0x000000014214b310,0x0000000181600000)
 Metaspace       used 56654K, capacity 57710K, committed 57896K, reserved 1101824K
  class space    used 5264K, capacity 5675K, committed 5760K, reserved 1048576K
}
Event: 183.689 GC heap before
{Heap before GC invocations=26 (full 7):
 PSYoungGen      total 5427712K, used 4283904K [0x0000000599980000, 0x000000072ec00000, 0x0000000800000000)
  eden space 4283904K, 100% used [0x0000000599980000,0x000000069f100000,0x000000069f100000)
  from space 1143808K, 0% used [0x00000006e4e00000,0x00000006e4e00000,0x000000072ab00000)
  to   space 1143808K, 0% used [0x000000069f100000,0x000000069f100000,0x00000006e4e00000)
 ParOldGen       total 2959360K, used 1922348K [0x00000000ccc00000, 0x0000000181600000, 0x0000000599980000)
  object space 2959360K, 64% used [0x00000000ccc00000,0x000000014214b310,0x0000000181600000)
 Metaspace       used 64923K, capacity 66104K, committed 66344K, reserved 1107968K
  class space    used 6508K, capacity 6995K, committed 7040K, reserved 1048576K
}
Event: 183.985 GC heap after
{Heap after GC invocations=26 (full 7):
 PSYoungGen      total 5427712K, used 358199K [0x0000000599980000, 0x0000000752e80000, 0x0000000800000000)
  eden space 4283904K, 0% used [0x0000000599980000,0x0000000599980000,0x000000069f100000)
  from space 1143808K, 31% used [0x000000069f100000,0x00000006b4ecdcf0,0x00000006e4e00000)
  to   space 1070592K, 0% used [0x0000000711900000,0x0000000711900000,0x0000000752e80000)
 ParOldGen       total 2959360K, used 1922356K [0x00000000ccc00000, 0x0000000181600000, 0x0000000599980000)
  object space 2959360K, 64% used [0x00000000ccc00000,0x000000014214d310,0x0000000181600000)
 Metaspace       used 64923K, capacity 66104K, committed 66344K, reserved 1107968K
  class space    used 6508K, capacity 6995K, committed 7040K, reserved 1048576K
}
Event: 211.041 GC heap before
{Heap before GC invocations=27 (full 7):
 PSYoungGen      total 5427712K, used 4642103K [0x0000000599980000, 0x0000000752e80000, 0x0000000800000000)
  eden space 4283904K, 100% used [0x0000000599980000,0x000000069f100000,0x000000069f100000)
  from space 1143808K, 31% used [0x000000069f100000,0x00000006b4ecdcf0,0x00000006e4e00000)
  to   space 1070592K, 0% used [0x0000000711900000,0x0000000711900000,0x0000000752e80000)
 ParOldGen       total 2959360K, used 1922356K [0x00000000ccc00000, 0x0000000181600000, 0x0000000599980000)
  object space 2959360K, 64% used [0x00000000ccc00000,0x000000014214d310,0x0000000181600000)
 Metaspace       used 88699K, capacity 92429K, committed 92584K, reserved 1132544K
  class space    used 9336K, capacity 10218K, committed 10240K, reserved 1048576K
}
Event: 211.395 GC heap after
{Heap after GC invocations=27 (full 7):
 PSYoungGen      total 5841408K, used 299182K [0x0000000599980000, 0x0000000745c00000, 0x0000000800000000)
  eden space 4986368K, 0% used [0x0000000599980000,0x0000000599980000,0x00000006c9f00000)
  from space 855040K, 34% used [0x0000000711900000,0x0000000723d2b9c8,0x0000000745c00000)
  to   space 1014272K, 0% used [0x00000006c9f00000,0x00000006c9f00000,0x0000000707d80000)
 ParOldGen       total 2959360K, used 1922364K [0x00000000ccc00000, 0x0000000181600000, 0x0000000599980000)
  object space 2959360K, 64% used [0x00000000ccc00000,0x000000014214f310,0x0000000181600000)
 Metaspace       used 88699K, capacity 92429K, committed 92584K, reserved 1132544K
  class space    used 9336K, capacity 10218K, committed 10240K, reserved 1048576K
}
Event: 265.238 GC heap before
{Heap before GC invocations=28 (full 7):
 PSYoungGen      total 5841408K, used 5285550K [0x0000000599980000, 0x0000000745c00000, 0x0000000800000000)
  eden space 4986368K, 100% used [0x0000000599980000,0x00000006c9f00000,0x00000006c9f00000)
  from space 855040K, 34% used [0x0000000711900000,0x0000000723d2b9c8,0x0000000745c00000)
  to   space 1014272K, 0% used [0x00000006c9f00000,0x00000006c9f00000,0x0000000707d80000)
 ParOldGen       total 2959360K, used 1922364K [0x00000000ccc00000, 0x0000000181600000, 0x0000000599980000)
  object space 2959360K, 64% used [0x00000000ccc00000,0x000000014214f310,0x0000000181600000)
 Metaspace       used 89024K, capacity 92688K, committed 92968K, reserved 1132544K
  class space    used 9359K, capacity 10251K, committed 10368K, reserved 1048576K
}
Event: 265.772 GC heap after
{Heap after GC invocations=28 (full 7):
 PSYoungGen      total 6000640K, used 304662K [0x0000000599980000, 0x000000076a080000, 0x0000000800000000)
  eden space 4986368K, 0% used [0x0000000599980000,0x0000000599980000,0x00000006c9f00000)
  from space 1014272K, 30% used [0x00000006c9f00000,0x00000006dc885a80,0x0000000707d80000)
  to   space 960512K, 0% used [0x000000072f680000,0x000000072f680000,0x000000076a080000)
 ParOldGen       total 2959360K, used 1922372K [0x00000000ccc00000, 0x0000000181600000, 0x0000000599980000)
  object space 2959360K, 64% used [0x00000000ccc00000,0x0000000142151310,0x0000000181600000)
 Metaspace       used 89024K, capacity 92688K, committed 92968K, reserved 1132544K
  class space    used 9359K, capacity 10251K, committed 10368K, reserved 1048576K
}
Event: 323.559 GC heap before
{Heap before GC invocations=29 (full 7):
 PSYoungGen      total 6000640K, used 5291030K [0x0000000599980000, 0x000000076a080000, 0x0000000800000000)
  eden space 4986368K, 100% used [0x0000000599980000,0x00000006c9f00000,0x00000006c9f00000)
  from space 1014272K, 30% used [0x00000006c9f00000,0x00000006dc885a80,0x0000000707d80000)
  to   space 960512K, 0% used [0x000000072f680000,0x000000072f680000,0x000000076a080000)
 ParOldGen       total 2959360K, used 1922372K [0x00000000ccc00000, 0x0000000181600000, 0x0000000599980000)
  object space 2959360K, 64% used [0x00000000ccc00000,0x0000000142151310,0x0000000181600000)
 Metaspace       used 89530K, capacity 93271K, committed 93480K, reserved 1132544K
  class space    used 9378K, capacity 10264K, committed 10368K, reserved 1048576K
}
Event: 324.163 GC heap after
{Heap after GC invocations=29 (full 7):
 PSYoungGen      total 6340608K, used 319273K [0x0000000599980000, 0x000000075d680000, 0x0000000800000000)
  eden space 5586944K, 0% used [0x0000000599980000,0x0000000599980000,0x00000006ee980000)
  from space 753664K, 42% used [0x000000072f680000,0x0000000742e4a5b8,0x000000075d680000)
  to   space 907776K, 0% used [0x00000006ee980000,0x00000006ee980000,0x0000000726000000)
 ParOldGen       total 2959360K, used 1922541K [0x00000000ccc00000, 0x0000000181600000, 0x0000000599980000)
  object space 2959360K, 64% used [0x00000000ccc00000,0x000000014217b598,0x0000000181600000)
 Metaspace       used 89530K, capacity 93271K, committed 93480K, reserved 1132544K
  class space    used 9378K, capacity 10264K, committed 10368K, reserved 1048576K
}
Event: 365.462 GC heap before
{Heap before GC invocations=30 (full 7):
 PSYoungGen      total 6340608K, used 5906217K [0x0000000599980000, 0x000000075d680000, 0x0000000800000000)
  eden space 5586944K, 100% used [0x0000000599980000,0x00000006ee980000,0x00000006ee980000)
  from space 753664K, 42% used [0x000000072f680000,0x0000000742e4a5b8,0x000000075d680000)
  to   space 907776K, 0% used [0x00000006ee980000,0x00000006ee980000,0x0000000726000000)
 ParOldGen       total 2959360K, used 1922541K [0x00000000ccc00000, 0x0000000181600000, 0x0000000599980000)
  object space 2959360K, 64% used [0x00000000ccc00000,0x000000014217b598,0x0000000181600000)
 Metaspace       used 89656K, capacity 93429K, committed 93736K, reserved 1132544K
  class space    used 9394K, capacity 10290K, committed 10368K, reserved 1048576K
}
Event: 366.076 GC heap after
{Heap after GC invocations=30 (full 7):
 PSYoungGen      total 6494720K, used 630874K [0x0000000599980000, 0x0000000786d80000, 0x0000000800000000)
  eden space 5586944K, 0% used [0x0000000599980000,0x0000000599980000,0x00000006ee980000)
  from space 907776K, 69% used [0x00000006ee980000,0x0000000715196a00,0x0000000726000000)
  to   space 953856K, 0% used [0x000000074ca00000,0x000000074ca00000,0x0000000786d80000)
 ParOldGen       total 2959360K, used 1922549K [0x00000000ccc00000, 0x0000000181600000, 0x0000000599980000)
  object space 2959360K, 64% used [0x00000000ccc00000,0x000000014217d598,0x0000000181600000)
 Metaspace       used 89656K, capacity 93429K, committed 93736K, reserved 1132544K
  class space    used 9394K, capacity 10290K, committed 10368K, reserved 1048576K
}
Event: 409.272 GC heap before
{Heap before GC invocations=31 (full 7):
 PSYoungGen      total 6494720K, used 6217818K [0x0000000599980000, 0x0000000786d80000, 0x0000000800000000)
  eden space 5586944K, 100% used [0x0000000599980000,0x00000006ee980000,0x00000006ee980000)
  from space 907776K, 69% used [0x00000006ee980000,0x0000000715196a00,0x0000000726000000)
  to   space 953856K, 0% used [0x000000074ca00000,0x000000074ca00000,0x0000000786d80000)
 ParOldGen       total 2959360K, used 1922549K [0x00000000ccc00000, 0x0000000181600000, 0x0000000599980000)
  object space 2959360K, 64% used [0x00000000ccc00000,0x000000014217d598,0x0000000181600000)
 Metaspace       used 89656K, capacity 93429K, committed 93736K, reserved 1132544K
  class space    used 9394K, capacity 10290K, committed 10368K, reserved 1048576K
}
Event: 410.063 GC heap after
{Heap after GC invocations=31 (full 7):
 PSYoungGen      total 6977024K, used 945611K [0x0000000599980000, 0x0000000795900000, 0x0000000800000000)
  eden space 6023168K, 0% used [0x0000000599980000,0x0000000599980000,0x0000000709380000)
  from space 953856K, 99% used [0x000000074ca00000,0x0000000786572c28,0x0000000786d80000)
  to   space 1104384K, 0% used [0x0000000709380000,0x0000000709380000,0x000000074ca00000)
 ParOldGen       total 2959360K, used 1922549K [0x00000000ccc00000, 0x0000000181600000, 0x0000000599980000)
  object space 2959360K, 64% used [0x00000000ccc00000,0x000000014217d598,0x0000000181600000)
 Metaspace       used 89656K, capacity 93429K, committed 93736K, reserved 1132544K
  class space    used 9394K, capacity 10290K, committed 10368K, reserved 1048576K
}

